\BOOKMARK [0][-]{chapter.1}{Introduction}{}% 1
\BOOKMARK [1][-]{section.1.1}{\040Procedural\040trees}{chapter.1}% 2
\BOOKMARK [1][-]{section.1.2}{\040Aims\040of\040thesis}{chapter.1}% 3
\BOOKMARK [1][-]{section.1.3}{\040Thesis\040structure}{chapter.1}% 4
\BOOKMARK [0][-]{chapter.2}{Background}{}% 5
\BOOKMARK [1][-]{section.2.1}{\040Procedural\040generation}{chapter.2}% 6
\BOOKMARK [1][-]{section.2.2}{\040Procedural\040modeling}{chapter.2}% 7
\BOOKMARK [1][-]{section.2.3}{\040L-Systems}{chapter.2}% 8
\BOOKMARK [1][-]{section.2.4}{\040Procedural\040trees}{chapter.2}% 9
\BOOKMARK [0][-]{chapter.3}{System\040architecture}{}% 10
\BOOKMARK [0][-]{chapter.4}{Methodology}{}% 11
\BOOKMARK [0][-]{chapter.5}{Implementation}{}% 12
\BOOKMARK [1][-]{section.5.1}{\040Symbol\040replacement\040function}{chapter.5}% 13
\BOOKMARK [1][-]{section.5.2}{\040Modeling\040based\040on\040the\040grammar\040output}{chapter.5}% 14
\BOOKMARK [1][-]{section.5.3}{\040Addition\040of\040rotation\040in\040all\040axes}{chapter.5}% 15
\BOOKMARK [1][-]{section.5.4}{\040Parametrization\040of\040the\040L-system}{chapter.5}% 16
\BOOKMARK [1][-]{section.5.5}{\040Correction\040of\040the\040rotations}{chapter.5}% 17
\BOOKMARK [1][-]{section.5.6}{\040Adjustment\040to\040a\040specific\040tree}{chapter.5}% 18
\BOOKMARK [1][-]{section.5.7}{\040Addition\040of\040leaves\040-\040first\040version}{chapter.5}% 19
\BOOKMARK [0][-]{chapter.6}{Results}{}% 20
\BOOKMARK [0][-]{appendix.A}{An\040appendix}{}% 21
